<?xml version="1.0" encoding="UTF-8"?>
<testng-results ignored="0" total="2" passed="2" failed="0" skipped="0">
  <reporter-output>
  </reporter-output>
  <suite started-at="2022-09-16T18:50:20 IST" name="Default suite" finished-at="2022-09-16T18:50:20 IST" duration-ms="52">
    <groups>
    </groups>
    <test started-at="2022-09-16T18:50:20 IST" name="Default test" finished-at="2022-09-16T18:50:20 IST" duration-ms="52">
      <class name="DataConcepts.DataExample">
        <test-method signature="value(java.lang.String,java.lang.String)[pri:0, instance:DataConcepts.DataExample@482bce4f]" started-at="2022-09-16T18:50:20 IST" name="value" data-provider="Naveena" finished-at="2022-09-16T18:50:20 IST" duration-ms="6" status="PASS">
          <params>
            <param index="0">
              <value>
                <![CDATA[username1]]>
              </value>
            </param>
            <param index="1">
              <value>
                <![CDATA[password1]]>
              </value>
            </param>
          </params>
          <reporter-output>
          </reporter-output>
        </test-method> <!-- value -->
        <test-method signature="value(java.lang.String,java.lang.String)[pri:0, instance:DataConcepts.DataExample@482bce4f]" started-at="2022-09-16T18:50:20 IST" name="value" data-provider="Naveena" finished-at="2022-09-16T18:50:20 IST" duration-ms="2" status="PASS">
          <params>
            <param index="0">
              <value>
                <![CDATA[username2]]>
              </value>
            </param>
            <param index="1">
              <value>
                <![CDATA[password2]]>
              </value>
            </param>
          </params>
          <reporter-output>
          </reporter-output>
        </test-method> <!-- value -->
      </class> <!-- DataConcepts.DataExample -->
    </test> <!-- Default test -->
  </suite> <!-- Default suite -->
</testng-results>
